<?xml version="1.0" encoding="UTF-8"?>
<!-- Generated by org.testng.reporters.JUnitReportReporter -->
<testsuite hostname="qedge-PC" name="orangehrm.demo" tests="1" failures="0" timestamp="10 Aug 2016 07:07:12 GMT" time="0.016" errors="0">
  <testcase name="init" time="0.016" classname="orangehrm.demo"/>
</testsuite> <!-- orangehrm.demo -->
